Autocode pro C:\xampp\htdocs\p3\Projektor\Model\Auto\AkceCollection.php
Autocode úspěšně vygenerován a zapsán.
Autocode pro C:\xampp\htdocs\p3\Projektor\Model\Auto\AkceDenCollection.php
Autocode úspěšně vygenerován a zapsán.
Autocode pro C:\xampp\htdocs\p3\Projektor\Model\Auto\AkceDenItem.php
Autocode úspěšně vygenerován a zapsán.
Autocode pro C:\xampp\htdocs\p3\Projektor\Model\Auto\AkceItem.php
Autocode úspěšně vygenerován a zapsán.
Autocode pro C:\xampp\htdocs\p3\Projektor\Model\Auto\AutocodeTestCollection.php
Autocode úspěšně vygenerován a zapsán.
Autocode pro C:\xampp\htdocs\p3\Projektor\Model\Auto\AutocodeTestItem.php
Autocode úspěšně vygenerován a zapsán.
Autocode pro C:\xampp\htdocs\p3\Projektor\Model\Auto\CKancelar3Collection.php
Autocode úspěšně vygenerován a zapsán.
Autocode pro C:\xampp\htdocs\p3\Projektor\Model\Auto\CKancelar3Item.php
Autocode úspěšně vygenerován a zapsán.
Autocode pro C:\xampp\htdocs\p3\Projektor\Model\Auto\CKancelarCollection.php
Autocode úspěšně vygenerován a zapsán.
Autocode pro C:\xampp\htdocs\p3\Projektor\Model\Auto\CKancelarItem.php
Autocode úspěšně vygenerován a zapsán.
Autocode pro C:\xampp\htdocs\p3\Projektor\Model\Auto\CProjektCollection.php
Autocode úspěšně vygenerován a zapsán.
Autocode pro C:\xampp\htdocs\p3\Projektor\Model\Auto\CProjektItem.php
Autocode úspěšně vygenerován a zapsán.
Autocode pro C:\xampp\htdocs\p3\Projektor\Model\Auto\SAkcePredpokladCollection.php
Autocode úspěšně vygenerován a zapsán.
Autocode pro C:\xampp\htdocs\p3\Projektor\Model\Auto\SAkcePredpokladItem.php
Autocode úspěšně vygenerován a zapsán.
Autocode pro C:\xampp\htdocs\p3\Projektor\Model\Auto\SBehProjektuCollection.php
Autocode úspěšně vygenerován a zapsán.
Autocode pro C:\xampp\htdocs\p3\Projektor\Model\Auto\SBehProjektuItem.php
Autocode úspěšně vygenerován a zapsán.
Autocode pro C:\xampp\htdocs\p3\Projektor\Model\Auto\SFirmaCollection.php
Autocode úspěšně vygenerován a zapsán.
Autocode pro C:\xampp\htdocs\p3\Projektor\Model\Auto\SFirmaItem.php
Autocode úspěšně vygenerován a zapsán.
Autocode pro C:\xampp\htdocs\p3\Projektor\Model\Auto\SIscoCollection.php
Autocode úspěšně vygenerován a zapsán.
Autocode pro C:\xampp\htdocs\p3\Projektor\Model\Auto\SIscoItem.php
Autocode úspěšně vygenerován a zapsán.
Autocode pro C:\xampp\htdocs\p3\Projektor\Model\Auto\SPrezentaceCollection.php
Autocode úspěšně vygenerován a zapsán.
Autocode pro C:\xampp\htdocs\p3\Projektor\Model\Auto\SPrezentaceItem.php
Autocode úspěšně vygenerován a zapsán.
Autocode pro C:\xampp\htdocs\p3\Projektor\Model\Auto\SStavAkceCollection.php
Autocode úspěšně vygenerován a zapsán.
Autocode pro C:\xampp\htdocs\p3\Projektor\Model\Auto\SStavAkceItem.php
Autocode úspěšně vygenerován a zapsán.
Autocode pro C:\xampp\htdocs\p3\Projektor\Model\Auto\SStavUcastnikAkceCollection.php
Autocode úspěšně vygenerován a zapsán.
Autocode pro C:\xampp\htdocs\p3\Projektor\Model\Auto\SStavUcastnikAkceItem.php
Autocode úspěšně vygenerován a zapsán.
Autocode pro C:\xampp\htdocs\p3\Projektor\Model\Auto\STypAkceCollection.php
Autocode úspěšně vygenerován a zapsán.
Autocode pro C:\xampp\htdocs\p3\Projektor\Model\Auto\STypAkceItem.php
Autocode úspěšně vygenerován a zapsán.
Autocode pro C:\xampp\htdocs\p3\Projektor\Model\Auto\SysAccUsrKancelar3Collection.php
Autocode úspěšně vygenerován a zapsán.
Autocode pro C:\xampp\htdocs\p3\Projektor\Model\Auto\SysAccUsrKancelar3Item.php
Autocode úspěšně vygenerován a zapsán.
Autocode pro C:\xampp\htdocs\p3\Projektor\Model\Auto\SysAccUsrKancelarCollection.php
Autocode úspěšně vygenerován a zapsán.
Autocode pro C:\xampp\htdocs\p3\Projektor\Model\Auto\SysAccUsrKancelarItem.php
Autocode úspěšně vygenerován a zapsán.
Autocode pro C:\xampp\htdocs\p3\Projektor\Model\Auto\SysAccUsrProjekt3Collection.php
Autocode úspěšně vygenerován a zapsán.
Autocode pro C:\xampp\htdocs\p3\Projektor\Model\Auto\SysAccUsrProjekt3Item.php
Autocode úspěšně vygenerován a zapsán.
Autocode pro C:\xampp\htdocs\p3\Projektor\Model\Auto\SysAccUsrProjektCollection.php
Autocode úspěšně vygenerován a zapsán.
Autocode pro C:\xampp\htdocs\p3\Projektor\Model\Auto\SysAccUsrProjektItem.php
Autocode úspěšně vygenerován a zapsán.
Autocode pro C:\xampp\htdocs\p3\Projektor\Model\Auto\SysUsersCollection.php
Autocode úspěšně vygenerován a zapsán.
Autocode pro C:\xampp\htdocs\p3\Projektor\Model\Auto\SysUsersItem.php
Autocode úspěšně vygenerován a zapsán.
Autocode pro C:\xampp\htdocs\p3\Projektor\Model\Auto\VzbUcastnikAkceCollection.php
Autocode úspěšně vygenerován a zapsán.
Autocode pro C:\xampp\htdocs\p3\Projektor\Model\Auto\VzbUcastnikAkceItem.php
Autocode úspěšně vygenerován a zapsán.
Autocode pro C:\xampp\htdocs\p3\Projektor\Model\Auto\ZaFlatTableCollection.php
Autocode úspěšně vygenerován a zapsán.
Autocode pro C:\xampp\htdocs\p3\Projektor\Model\Auto\ZaFlatTableItem.php
Autocode úspěšně vygenerován a zapsán.
Autocode pro C:\xampp\htdocs\p3\Projektor\Model\Auto\ZaPlanFlatTableCollection.php
Autocode úspěšně vygenerován a zapsán.
Autocode pro C:\xampp\htdocs\p3\Projektor\Model\Auto\ZaPlanFlatTableItem.php
Autocode úspěšně vygenerován a zapsán.
Autocode pro C:\xampp\htdocs\p3\Projektor\Model\Auto\ZaTestFlatTableCollection.php
Autocode úspěšně vygenerován a zapsán.
Autocode pro C:\xampp\htdocs\p3\Projektor\Model\Auto\ZaTestFlatTableItem.php
Autocode úspěšně vygenerován a zapsán.
Autocode pro C:\xampp\htdocs\p3\Projektor\Model\Auto\ZaUkoncFlatTableCollection.php
Autocode úspěšně vygenerován a zapsán.
Autocode pro C:\xampp\htdocs\p3\Projektor\Model\Auto\ZaUkoncFlatTableItem.php
Autocode úspěšně vygenerován a zapsán.
Autocode pro C:\xampp\htdocs\p3\Projektor\Model\Auto\ZaZamFlatTableCollection.php
Autocode úspěšně vygenerován a zapsán.
Autocode pro C:\xampp\htdocs\p3\Projektor\Model\Auto\ZaZamFlatTableItem.php
Autocode úspěšně vygenerován a zapsán.
Autocode pro C:\xampp\htdocs\p3\Projektor\Model\Auto\ZajemceCollection.php
Autocode úspěšně vygenerován a zapsán.
Autocode pro C:\xampp\htdocs\p3\Projektor\Model\Auto\ZajemceItem.php
Autocode úspěšně vygenerován a zapsán.
