Autocode pro C:\xampp\htdocs\p3\Projektor\Model\Auto\CKancelar3Collection.php
    kontrola existence a syntaxe souboru C:\xampp\htdocs\p3\Projektor\Model\Auto\CKancelar3Collection.php pro class: Projektor_Model_Auto_CKancelar3Collection
    kontrola existence a syntaxe nově vytvořeného souboru C:\xampp\htdocs\p3\Projektor\Model\Auto\CKancelar3Collection.php pro class: Projektor_Model_Auto_CKancelar3Collection
Vygenerován nový autocode.
*** Původní php kód:
<?php
/**
 * Description of CKancelarCollection
 *
 * @author pes2704
 */
class Projektor_Model_Auto_CKancelar3Collection extends Projektor_Model_CiselnikCollection
{
    const NAZEV_TRIDY_ITEM = "Projektor_Model_Auto_CKancelar3Item";
###START_AUTOCODE

    /**
     * Factory metoda provádí type hinting pro našeptávání v IDE.
     * Metoda vrací objekt typu Projektor_Model_Auto_CKancelar3Item, prvek kolekce Projektor_Model_Auto_CKancelar3Collection.
     * @param $id $object Tento parametr při volání metody zadávejte.
     * @param Projektor_Model_Auto_CKancelar3Item $object Tento parametr při volání metody nikdy NEZADÁVEJTE. Jedná se pouze o hack pro type hinting.
     * @return \Projektor_Model_Auto_CKancelar3Item
     */
    public function Item($id, Projektor_Model_Auto_CKancelar3Item &$object=NULL){
        $object = new Projektor_Model_Auto_CKancelar3Item($id); //factory na Item
        return $object;
    }

###END_AUTOCODE

    public function vyberKancelareProjektu($idProjekt) {
        $this->where("dbField°id_c_projekt_FK", "=", $idProjekt);
    }
    
}

?>
Vytvořena záloha php souboru: C:\xampp\htdocs\p3\Projektor\Model\Auto\CKancelar3Collection.bak
*** Nový php kód: <?php
/**
 * Description of CKancelarCollection
 *
 * @author pes2704
 */
class Projektor_Model_Auto_CKancelar3Collection extends Projektor_Model_CiselnikCollection
{
    const NAZEV_TRIDY_ITEM = "Projektor_Model_Auto_CKancelar3Item";
###START_AUTOCODE

    /**
     * Factory metoda provádí type hinting pro našeptávání v IDE.
     * Metoda vrací objekt typu Projektor_Model_Auto_CKancelar3Item, prvek kolekce Projektor_Model_Auto_CKancelar3Collection.
     * @param $id $object Tento parametr při volání metody zadávejte.
     * @param Projektor_Model_Auto_CKancelar3Item $object Tento parametr při volání metody nikdy NEZADÁVEJTE. Jedná se pouze o hack pro type hinting.
     * @return \Projektor_Model_Auto_CKancelar3Item
     */
    public function Item($id, Projektor_Model_Auto_CKancelar3Item &$object=NULL){
        $object = new Projektor_Model_Auto_CKancelar3Item($id); //factory na Item
        return $object;
    }

###END_AUTOCODE

    public function vyberKancelareProjektu($idProjekt) {
        $this->where("dbField°id_c_projekt_FK", "=", $idProjekt);
    }
    
}

?>
Ukládám vygenerovaný autocode do souboru C:\xampp\htdocs\p3\Projektor\Model\Auto\CKancelar3Collection.php pro class: Projektor_Model_Auto_CKancelar3Collection
Smazána záloha php souboru: C:\xampp\htdocs\p3\Projektor\Model\Auto\CKancelar3Collection.bak

