Autocode pro C:\xampp\htdocs\p3\Projektor\Model\Auto\CKancelarCollection.php
    kontrola existence a syntaxe souboru C:\xampp\htdocs\p3\Projektor\Model\Auto\CKancelarCollection.php pro class: Projektor_Model_Auto_CKancelarCollection
    kontrola existence a syntaxe nově vytvořeného souboru C:\xampp\htdocs\p3\Projektor\Model\Auto\CKancelarCollection.php pro class: Projektor_Model_Auto_CKancelarCollection
Vygenerován nový autocode.
*** Původní php kód:
<?php
/**
 * Description of CKancelarCollection
 *
 * @author pes2704
 */
class Projektor_Model_Auto_CKancelarCollection extends Projektor_Model_CiselnikCollection
{
    const NAZEV_TRIDY_ITEM = "Projektor_Model_Auto_CKancelarItem";

###START_AUTOCODE

    /**
     * Factory metoda provádí type hinting pro našeptávání v IDE.
     * Metoda vrací objekt typu Projektor_Model_Auto_CKancelarItem, prvek kolekce Projektor_Model_Auto_CKancelarCollection.
     * @param $id $object Tento parametr při volání metody zadávejte.
     * @param Projektor_Model_Auto_CKancelarItem $object Tento parametr při volání metody nikdy NEZADÁVEJTE. Jedná se pouze o hack pro type hinting.
     * @return \Projektor_Model_Auto_CKancelarItem
     */
    public function Item($id, Projektor_Model_Auto_CKancelarItem &$object=NULL){
        $object = new Projektor_Model_Auto_CKancelarItem($id); //factory na Item
        return $object;
    }

###END_AUTOCODE

}

?>
Vytvořena záloha php souboru: C:\xampp\htdocs\p3\Projektor\Model\Auto\CKancelarCollection.bak
*** Nový php kód: <?php
/**
 * Description of CKancelarCollection
 *
 * @author pes2704
 */
class Projektor_Model_Auto_CKancelarCollection extends Projektor_Model_CiselnikCollection
{
    const NAZEV_TRIDY_ITEM = "Projektor_Model_Auto_CKancelarItem";

###START_AUTOCODE

    /**
     * Factory metoda provádí type hinting pro našeptávání v IDE.
     * Metoda vrací objekt typu Projektor_Model_Auto_CKancelarItem, prvek kolekce Projektor_Model_Auto_CKancelarCollection.
     * @param $id $object Tento parametr při volání metody zadávejte.
     * @param Projektor_Model_Auto_CKancelarItem $object Tento parametr při volání metody nikdy NEZADÁVEJTE. Jedná se pouze o hack pro type hinting.
     * @return \Projektor_Model_Auto_CKancelarItem
     */
    public function Item($id, Projektor_Model_Auto_CKancelarItem &$object=NULL){
        $object = new Projektor_Model_Auto_CKancelarItem($id); //factory na Item
        return $object;
    }

###END_AUTOCODE

}

?>
Ukládám vygenerovaný autocode do souboru C:\xampp\htdocs\p3\Projektor\Model\Auto\CKancelarCollection.php pro class: Projektor_Model_Auto_CKancelarCollection
Smazána záloha php souboru: C:\xampp\htdocs\p3\Projektor\Model\Auto\CKancelarCollection.bak

