Autocode pro C:\xampp\htdocs\p3\Projektor\Model\Auto\SIscoCollection.php
    kontrola existence a syntaxe souboru C:\xampp\htdocs\p3\Projektor\Model\Auto\SIscoCollection.php pro class: Projektor_Model_Auto_SIscoCollection
    kontrola existence a syntaxe nově vytvořeného souboru C:\xampp\htdocs\p3\Projektor\Model\Auto\SIscoCollection.php pro class: Projektor_Model_Auto_SIscoCollection
Vygenerován nový autocode.
*** Původní php kód:
<?php
/**
 * Description of SIscoCollection
 *
 * @author pes2704
 */
class Projektor_Model_Auto_SIscoCollection extends Projektor_Model_Collection
{
    const NAZEV_TRIDY_ITEM = "Projektor_Model_Auto_SIscoItem";

###START_AUTOCODE

    /**
     * Factory metoda provádí type hinting pro našeptávání v IDE.
     * Metoda vrací objekt typu Projektor_Model_Auto_SIscoItem, prvek kolekce Projektor_Model_Auto_SIscoCollection.
     * @param $id $object Tento parametr při volání metody zadávejte.
     * @param Projektor_Model_Auto_SIscoItem $object Tento parametr při volání metody nikdy NEZADÁVEJTE. Jedná se pouze o hack pro type hinting.
     * @return \Projektor_Model_Auto_SIscoItem
     */
    public function Item($id, Projektor_Model_Auto_SIscoItem &$object=NULL){
        $object = new Projektor_Model_Auto_SIscoItem($id); //factory na Item
        return $object;
    }

###END_AUTOCODE
}

?>
Vytvořena záloha php souboru: C:\xampp\htdocs\p3\Projektor\Model\Auto\SIscoCollection.bak
*** Nový php kód: <?php
/**
 * Description of SIscoCollection
 *
 * @author pes2704
 */
class Projektor_Model_Auto_SIscoCollection extends Projektor_Model_Collection
{
    const NAZEV_TRIDY_ITEM = "Projektor_Model_Auto_SIscoItem";

###START_AUTOCODE

    /**
     * Factory metoda provádí type hinting pro našeptávání v IDE.
     * Metoda vrací objekt typu Projektor_Model_Auto_SIscoItem, prvek kolekce Projektor_Model_Auto_SIscoCollection.
     * @param $id $object Tento parametr při volání metody zadávejte.
     * @param Projektor_Model_Auto_SIscoItem $object Tento parametr při volání metody nikdy NEZADÁVEJTE. Jedná se pouze o hack pro type hinting.
     * @return \Projektor_Model_Auto_SIscoItem
     */
    public function Item($id, Projektor_Model_Auto_SIscoItem &$object=NULL){
        $object = new Projektor_Model_Auto_SIscoItem($id); //factory na Item
        return $object;
    }

###END_AUTOCODE
}

?>
Ukládám vygenerovaný autocode do souboru C:\xampp\htdocs\p3\Projektor\Model\Auto\SIscoCollection.php pro class: Projektor_Model_Auto_SIscoCollection
Smazána záloha php souboru: C:\xampp\htdocs\p3\Projektor\Model\Auto\SIscoCollection.bak

