Autocode pro C:\xampp\htdocs\p3\Projektor\Model\Auto\SysAccUsrProjekt3Collection.php
    kontrola existence a syntaxe souboru C:\xampp\htdocs\p3\Projektor\Model\Auto\SysAccUsrProjekt3Collection.php pro class: Projektor_Model_Auto_SysAccUsrProjekt3Collection
    kontrola existence a syntaxe nově vytvořeného souboru C:\xampp\htdocs\p3\Projektor\Model\Auto\SysAccUsrProjekt3Collection.php pro class: Projektor_Model_Auto_SysAccUsrProjekt3Collection
Vygenerován nový autocode.
*** Původní php kód:
<?php
class Projektor_Model_Auto_SysAccUsrProjekt3Collection extends Projektor_Model_Collection
{
    const NAZEV_TRIDY_ITEM = "Projektor_Model_Auto_SysAccUsrProjekt3Item";

###START_AUTOCODE

    /**
     * Factory metoda provádí type hinting pro našeptávání v IDE.
     * Metoda vrací objekt typu Projektor_Model_Auto_SysAccUsrProjekt3Item, prvek kolekce Projektor_Model_Auto_SysAccUsrProjekt3Collection.
     * @param $id $object Tento parametr při volání metody zadávejte.
     * @param Projektor_Model_Auto_SysAccUsrProjekt3Item $object Tento parametr při volání metody nikdy NEZADÁVEJTE. Jedná se pouze o hack pro type hinting.
     * @return \Projektor_Model_Auto_SysAccUsrProjekt3Item
     */
    public function Item($id, Projektor_Model_Auto_SysAccUsrProjekt3Item &$object=NULL){
        $object = new Projektor_Model_Auto_SysAccUsrProjekt3Item($id); //factory na Item
        return $object;
    }

###END_AUTOCODE
}Vytvořena záloha php souboru: C:\xampp\htdocs\p3\Projektor\Model\Auto\SysAccUsrProjekt3Collection.bak
*** Nový php kód: <?php
class Projektor_Model_Auto_SysAccUsrProjekt3Collection extends Projektor_Model_Collection
{
    const NAZEV_TRIDY_ITEM = "Projektor_Model_Auto_SysAccUsrProjekt3Item";

###START_AUTOCODE

    /**
     * Factory metoda provádí type hinting pro našeptávání v IDE.
     * Metoda vrací objekt typu Projektor_Model_Auto_SysAccUsrProjekt3Item, prvek kolekce Projektor_Model_Auto_SysAccUsrProjekt3Collection.
     * @param $id $object Tento parametr při volání metody zadávejte.
     * @param Projektor_Model_Auto_SysAccUsrProjekt3Item $object Tento parametr při volání metody nikdy NEZADÁVEJTE. Jedná se pouze o hack pro type hinting.
     * @return \Projektor_Model_Auto_SysAccUsrProjekt3Item
     */
    public function Item($id, Projektor_Model_Auto_SysAccUsrProjekt3Item &$object=NULL){
        $object = new Projektor_Model_Auto_SysAccUsrProjekt3Item($id); //factory na Item
        return $object;
    }

###END_AUTOCODE
}Ukládám vygenerovaný autocode do souboru C:\xampp\htdocs\p3\Projektor\Model\Auto\SysAccUsrProjekt3Collection.php pro class: Projektor_Model_Auto_SysAccUsrProjekt3Collection
Smazána záloha php souboru: C:\xampp\htdocs\p3\Projektor\Model\Auto\SysAccUsrProjekt3Collection.bak

