Autocode pro C:\xampp\htdocs\p3\Projektor\Model\Auto\SysAccUsrKancelarCollection.php
    kontrola existence a syntaxe souboru C:\xampp\htdocs\p3\Projektor\Model\Auto\SysAccUsrKancelarCollection.php pro class: Projektor_Model_Auto_SysAccUsrKancelarCollection
    kontrola existence a syntaxe nově vytvořeného souboru C:\xampp\htdocs\p3\Projektor\Model\Auto\SysAccUsrKancelarCollection.php pro class: Projektor_Model_Auto_SysAccUsrKancelarCollection
Vygenerován nový autocode.
*** Původní php kód:
<?php
/**
 * Description of SysAccUsrKancelarCollection
 *
 * @author pes2704
 */
class Projektor_Model_Auto_SysAccUsrKancelarCollection extends Projektor_Model_Collection
{
    const NAZEV_TRIDY_ITEM = "Projektor_Model_Auto_SysAccUsrKancelarItem";

###START_AUTOCODE

    /**
     * Factory metoda provádí type hinting pro našeptávání v IDE.
     * Metoda vrací objekt typu Projektor_Model_Auto_SysAccUsrKancelarItem, prvek kolekce Projektor_Model_Auto_SysAccUsrKancelarCollection.
     * @param $id $object Tento parametr při volání metody zadávejte.
     * @param Projektor_Model_Auto_SysAccUsrKancelarItem $object Tento parametr při volání metody nikdy NEZADÁVEJTE. Jedná se pouze o hack pro type hinting.
     * @return \Projektor_Model_Auto_SysAccUsrKancelarItem
     */
    public function Item($id, Projektor_Model_Auto_SysAccUsrKancelarItem &$object=NULL){
        $object = new Projektor_Model_Auto_SysAccUsrKancelarItem($id); //factory na Item
        return $object;
    }

###END_AUTOCODE
}

?>
Vytvořena záloha php souboru: C:\xampp\htdocs\p3\Projektor\Model\Auto\SysAccUsrKancelarCollection.bak
*** Nový php kód: <?php
/**
 * Description of SysAccUsrKancelarCollection
 *
 * @author pes2704
 */
class Projektor_Model_Auto_SysAccUsrKancelarCollection extends Projektor_Model_Collection
{
    const NAZEV_TRIDY_ITEM = "Projektor_Model_Auto_SysAccUsrKancelarItem";

###START_AUTOCODE

    /**
     * Factory metoda provádí type hinting pro našeptávání v IDE.
     * Metoda vrací objekt typu Projektor_Model_Auto_SysAccUsrKancelarItem, prvek kolekce Projektor_Model_Auto_SysAccUsrKancelarCollection.
     * @param $id $object Tento parametr při volání metody zadávejte.
     * @param Projektor_Model_Auto_SysAccUsrKancelarItem $object Tento parametr při volání metody nikdy NEZADÁVEJTE. Jedná se pouze o hack pro type hinting.
     * @return \Projektor_Model_Auto_SysAccUsrKancelarItem
     */
    public function Item($id, Projektor_Model_Auto_SysAccUsrKancelarItem &$object=NULL){
        $object = new Projektor_Model_Auto_SysAccUsrKancelarItem($id); //factory na Item
        return $object;
    }

###END_AUTOCODE
}

?>
Ukládám vygenerovaný autocode do souboru C:\xampp\htdocs\p3\Projektor\Model\Auto\SysAccUsrKancelarCollection.php pro class: Projektor_Model_Auto_SysAccUsrKancelarCollection
Smazána záloha php souboru: C:\xampp\htdocs\p3\Projektor\Model\Auto\SysAccUsrKancelarCollection.bak

