Autocode pro C:\xampp\htdocs\p3\Projektor\Model\Auto\SysUsersCollection.php
    kontrola existence a syntaxe souboru C:\xampp\htdocs\p3\Projektor\Model\Auto\SysUsersCollection.php pro class: Projektor_Model_Auto_SysUsersCollection
    kontrola existence a syntaxe nově vytvořeného souboru C:\xampp\htdocs\p3\Projektor\Model\Auto\SysUsersCollection.php pro class: Projektor_Model_Auto_SysUsersCollection
Vygenerován nový autocode.
*** Původní php kód:
<?php
/**
 * @author Petr Svoboda
 * @since Fri, 12 Oct 20011 19:01:55 +0200
 */

class Projektor_Model_Auto_SysUsersCollection extends Projektor_Model_Collection
{
    const NAZEV_TRIDY_ITEM = "Projektor_Model_Auto_SysUsersItem";

###START_AUTOCODE

    /**
     * Factory metoda provádí type hinting pro našeptávání v IDE.
     * Metoda vrací objekt typu Projektor_Model_Auto_SysUsersItem, prvek kolekce Projektor_Model_Auto_SysUsersCollection.
     * @param $id $object Tento parametr při volání metody zadávejte.
     * @param Projektor_Model_Auto_SysUsersItem $object Tento parametr při volání metody nikdy NEZADÁVEJTE. Jedná se pouze o hack pro type hinting.
     * @return \Projektor_Model_Auto_SysUsersItem
     */
    public function Item($id, Projektor_Model_Auto_SysUsersItem &$object=NULL){
        $object = new Projektor_Model_Auto_SysUsersItem($id); //factory na Item
        return $object;
    }

###END_AUTOCODE
}
?>
Vytvořena záloha php souboru: C:\xampp\htdocs\p3\Projektor\Model\Auto\SysUsersCollection.bak
*** Nový php kód: <?php
/**
 * @author Petr Svoboda
 * @since Fri, 12 Oct 20011 19:01:55 +0200
 */

class Projektor_Model_Auto_SysUsersCollection extends Projektor_Model_Collection
{
    const NAZEV_TRIDY_ITEM = "Projektor_Model_Auto_SysUsersItem";

###START_AUTOCODE

    /**
     * Factory metoda provádí type hinting pro našeptávání v IDE.
     * Metoda vrací objekt typu Projektor_Model_Auto_SysUsersItem, prvek kolekce Projektor_Model_Auto_SysUsersCollection.
     * @param $id $object Tento parametr při volání metody zadávejte.
     * @param Projektor_Model_Auto_SysUsersItem $object Tento parametr při volání metody nikdy NEZADÁVEJTE. Jedná se pouze o hack pro type hinting.
     * @return \Projektor_Model_Auto_SysUsersItem
     */
    public function Item($id, Projektor_Model_Auto_SysUsersItem &$object=NULL){
        $object = new Projektor_Model_Auto_SysUsersItem($id); //factory na Item
        return $object;
    }

###END_AUTOCODE
}
?>
Ukládám vygenerovaný autocode do souboru C:\xampp\htdocs\p3\Projektor\Model\Auto\SysUsersCollection.php pro class: Projektor_Model_Auto_SysUsersCollection
Smazána záloha php souboru: C:\xampp\htdocs\p3\Projektor\Model\Auto\SysUsersCollection.bak

