Autocode pro C:\xampp\htdocs\Projektor_3_vyvoj\Projektor\Data\Auto\AkceDenCollection.php
    kontrola existence a syntaxe souboru C:\xampp\htdocs\Projektor_3_vyvoj\Projektor\Data\Auto\AkceDenCollection.php pro class: Projektor_Data_Auto_AkceDenCollection
    kontrola existence a syntaxe nově vytvořeného souboru C:\xampp\htdocs\Projektor_3_vyvoj\Projektor\Data\Auto\AkceDenCollection.php pro class: Projektor_Data_Auto_AkceDenCollection
Vygenerován nový autocode.
*** Původní php kód:
<?php
class Projektor_Data_Auto_AkceDenCollection extends Projektor_Data_Collection
{
    const NAZEV_TRIDY_ITEM = "Projektor_Data_Auto_AkceDenItem";

###START_AUTOCODE

    /**
     * Metoda vrací Item, prvek kolekce Projektor_Data_Auto_AkceDenCollection typu Projektor_Data_Auto_AkceDenItem
     * @param Projektor_Data_Auto_AkceDenItem $object
     * @return \Projektor_Data_Auto_AkceDenItem
     */
    public function Item($id, Projektor_Data_Auto_AkceDenItem &$object=NULL){
        $object = new Projektor_Data_Auto_AkceDenItem($id); //factory na Item
        return $object;
    }

###END_AUTOCODE
}
?>
Vytvořena záloha php souboru: C:\xampp\htdocs\Projektor_3_vyvoj\Projektor\Data\Auto\AkceDenCollection.bak
*** Nový php kód: <?php
class Projektor_Data_Auto_AkceDenCollection extends Projektor_Data_Collection
{
    const NAZEV_TRIDY_ITEM = "Projektor_Data_Auto_AkceDenItem";

###START_AUTOCODE

    /**
     * Metoda vrací Item, prvek kolekce Projektor_Data_Auto_AkceDenCollection typu Projektor_Data_Auto_AkceDenItem
     * @param Projektor_Data_Auto_AkceDenItem $object
     * @return \Projektor_Data_Auto_AkceDenItem
     */
    public function Item($id, Projektor_Data_Auto_AkceDenItem &$object=NULL){
        $object = new Projektor_Data_Auto_AkceDenItem($id); //factory na Item
        return $object;
    }

###END_AUTOCODE
}
?>
Ukládám vygenerovaný autocode do souboru C:\xampp\htdocs\Projektor_3_vyvoj\Projektor\Data\Auto\AkceDenCollection.php pro class: Projektor_Data_Auto_AkceDenCollection
Smazána záloha php souboru: C:\xampp\htdocs\Projektor_3_vyvoj\Projektor\Data\Auto\AkceDenCollection.bak

