Autocode pro C:\xampp\htdocs\Projektor_3_vyvoj\Projektor\Data\Auto\AkceCollection.php
Autocode úspěšně vygenerován a zapsán.
Autocode pro C:\xampp\htdocs\Projektor_3_vyvoj\Projektor\Data\Auto\AkceDenCollection.php
Autocode úspěšně vygenerován a zapsán.
Autocode pro C:\xampp\htdocs\Projektor_3_vyvoj\Projektor\Data\Auto\AkceDenItem.php
Autocode úspěšně vygenerován a zapsán.
Autocode pro C:\xampp\htdocs\Projektor_3_vyvoj\Projektor\Data\Auto\AkceItem.php
Autocode úspěšně vygenerován a zapsán.
Autocode pro C:\xampp\htdocs\Projektor_3_vyvoj\Projektor\Data\Auto\AutocodeTestCollection.php
Autocode úspěšně vygenerován a zapsán.
Autocode pro C:\xampp\htdocs\Projektor_3_vyvoj\Projektor\Data\Auto\AutocodeTestItem.php
Autocode úspěšně vygenerován a zapsán.
Autocode pro C:\xampp\htdocs\Projektor_3_vyvoj\Projektor\Data\Auto\CKancelarCollection.php
Autocode úspěšně vygenerován a zapsán.
Autocode pro C:\xampp\htdocs\Projektor_3_vyvoj\Projektor\Data\Auto\CKancelarItem.php
Autocode úspěšně vygenerován a zapsán.
Autocode pro C:\xampp\htdocs\Projektor_3_vyvoj\Projektor\Data\Auto\CProjektCollection.php
Autocode úspěšně vygenerován a zapsán.
Autocode pro C:\xampp\htdocs\Projektor_3_vyvoj\Projektor\Data\Auto\CProjektItem.php
Autocode úspěšně vygenerován a zapsán.
Autocode pro C:\xampp\htdocs\Projektor_3_vyvoj\Projektor\Data\Auto\ItemInterface.php
    Nenalezen ###START_AUTOCODE.
Autocode pro C:\xampp\htdocs\Projektor_3_vyvoj\Projektor\Data\Auto\ItemInterface.php
    Nepodařilo se vygenerovat autocode.
Autocode pro C:\xampp\htdocs\Projektor_3_vyvoj\Projektor\Data\Auto\SAkcePredpokladCollection.php
Autocode úspěšně vygenerován a zapsán.
Autocode pro C:\xampp\htdocs\Projektor_3_vyvoj\Projektor\Data\Auto\SAkcePredpokladItem.php
Autocode úspěšně vygenerován a zapsán.
Autocode pro C:\xampp\htdocs\Projektor_3_vyvoj\Projektor\Data\Auto\SBehProjektuCollection.php
Autocode úspěšně vygenerován a zapsán.
Autocode pro C:\xampp\htdocs\Projektor_3_vyvoj\Projektor\Data\Auto\SBehProjektuItem.php
Autocode úspěšně vygenerován a zapsán.
Autocode pro C:\xampp\htdocs\Projektor_3_vyvoj\Projektor\Data\Auto\SFirmaCollection.php
Autocode úspěšně vygenerován a zapsán.
Autocode pro C:\xampp\htdocs\Projektor_3_vyvoj\Projektor\Data\Auto\SFirmaItem.php
Autocode úspěšně vygenerován a zapsán.
Autocode pro C:\xampp\htdocs\Projektor_3_vyvoj\Projektor\Data\Auto\SIscoCollection.php
    Nenalezen ###START_AUTOCODE.
Autocode pro C:\xampp\htdocs\Projektor_3_vyvoj\Projektor\Data\Auto\SIscoCollection.php
    Nepodařilo se vygenerovat autocode.
Autocode pro C:\xampp\htdocs\Projektor_3_vyvoj\Projektor\Data\Auto\SIscoItem.php
Autocode úspěšně vygenerován a zapsán.
Autocode pro C:\xampp\htdocs\Projektor_3_vyvoj\Projektor\Data\Auto\SPrezentaceCollection.php
Autocode úspěšně vygenerován a zapsán.
Autocode pro C:\xampp\htdocs\Projektor_3_vyvoj\Projektor\Data\Auto\SPrezentaceItem.php
Autocode úspěšně vygenerován a zapsán.
Autocode pro C:\xampp\htdocs\Projektor_3_vyvoj\Projektor\Data\Auto\SStavAkceCollection.php
Autocode úspěšně vygenerován a zapsán.
Autocode pro C:\xampp\htdocs\Projektor_3_vyvoj\Projektor\Data\Auto\SStavAkceItem.php
Autocode úspěšně vygenerován a zapsán.
Autocode pro C:\xampp\htdocs\Projektor_3_vyvoj\Projektor\Data\Auto\SStavUcastnikAkceCollection.php
    Nenalezen ###START_AUTOCODE.
Autocode pro C:\xampp\htdocs\Projektor_3_vyvoj\Projektor\Data\Auto\SStavUcastnikAkceCollection.php
    Nepodařilo se vygenerovat autocode.
Autocode pro C:\xampp\htdocs\Projektor_3_vyvoj\Projektor\Data\Auto\SStavUcastnikAkceItem.php
Autocode úspěšně vygenerován a zapsán.
Autocode pro C:\xampp\htdocs\Projektor_3_vyvoj\Projektor\Data\Auto\STypAkceCollection.php
Autocode úspěšně vygenerován a zapsán.
Autocode pro C:\xampp\htdocs\Projektor_3_vyvoj\Projektor\Data\Auto\STypAkceItem.php
Autocode úspěšně vygenerován a zapsán.
Autocode pro C:\xampp\htdocs\Projektor_3_vyvoj\Projektor\Data\Auto\SysAccUsrKancelarCollection.php
Autocode úspěšně vygenerován a zapsán.
Autocode pro C:\xampp\htdocs\Projektor_3_vyvoj\Projektor\Data\Auto\SysAccUsrKancelarItem.php
Autocode úspěšně vygenerován a zapsán.
Autocode pro C:\xampp\htdocs\Projektor_3_vyvoj\Projektor\Data\Auto\SysAccUsrProjektCollection.php
Autocode úspěšně vygenerován a zapsán.
Autocode pro C:\xampp\htdocs\Projektor_3_vyvoj\Projektor\Data\Auto\SysAccUsrProjektItem.php
Autocode úspěšně vygenerován a zapsán.
Autocode pro C:\xampp\htdocs\Projektor_3_vyvoj\Projektor\Data\Auto\SysUsersCollection.php
Autocode úspěšně vygenerován a zapsán.
Autocode pro C:\xampp\htdocs\Projektor_3_vyvoj\Projektor\Data\Auto\SysUsersItem.php
Autocode úspěšně vygenerován a zapsán.
Autocode pro C:\xampp\htdocs\Projektor_3_vyvoj\Projektor\Data\Auto\VzbUcastnikAkceCollection.php
Autocode úspěšně vygenerován a zapsán.
Autocode pro C:\xampp\htdocs\Projektor_3_vyvoj\Projektor\Data\Auto\VzbUcastnikAkceItem.php
Autocode úspěšně vygenerován a zapsán.
Autocode pro C:\xampp\htdocs\Projektor_3_vyvoj\Projektor\Data\Auto\ZaFlatTableCollection.php
Autocode úspěšně vygenerován a zapsán.
Autocode pro C:\xampp\htdocs\Projektor_3_vyvoj\Projektor\Data\Auto\ZaFlatTableItem.php
Autocode úspěšně vygenerován a zapsán.
Autocode pro C:\xampp\htdocs\Projektor_3_vyvoj\Projektor\Data\Auto\ZaPlanFlatTableCollection.php
Autocode úspěšně vygenerován a zapsán.
Autocode pro C:\xampp\htdocs\Projektor_3_vyvoj\Projektor\Data\Auto\ZaPlanFlatTableItem.php
Autocode úspěšně vygenerován a zapsán.
Autocode pro C:\xampp\htdocs\Projektor_3_vyvoj\Projektor\Data\Auto\ZaTestFlatTableCollection.php
Autocode úspěšně vygenerován a zapsán.
Autocode pro C:\xampp\htdocs\Projektor_3_vyvoj\Projektor\Data\Auto\ZaTestFlatTableItem.php
Autocode úspěšně vygenerován a zapsán.
Autocode pro C:\xampp\htdocs\Projektor_3_vyvoj\Projektor\Data\Auto\ZaUkoncFlatTableCollection.php
Autocode úspěšně vygenerován a zapsán.
Autocode pro C:\xampp\htdocs\Projektor_3_vyvoj\Projektor\Data\Auto\ZaUkoncFlatTableItem.php
Autocode úspěšně vygenerován a zapsán.
Autocode pro C:\xampp\htdocs\Projektor_3_vyvoj\Projektor\Data\Auto\ZaZamFlatTableCollection.php
Autocode úspěšně vygenerován a zapsán.
Autocode pro C:\xampp\htdocs\Projektor_3_vyvoj\Projektor\Data\Auto\ZaZamFlatTableItem.php
Autocode úspěšně vygenerován a zapsán.
Autocode pro C:\xampp\htdocs\Projektor_3_vyvoj\Projektor\Data\Auto\ZajemceCollection.php
Autocode úspěšně vygenerován a zapsán.
Autocode pro C:\xampp\htdocs\Projektor_3_vyvoj\Projektor\Data\Auto\ZajemceItem.php
Autocode úspěšně vygenerován a zapsán.
