Autocode pro C:\xampp\htdocs\Projektor_3_vyvoj\Projektor\Data\Auto\SAkcePredpokladCollection.php
    kontrola existence a syntaxe souboru C:\xampp\htdocs\Projektor_3_vyvoj\Projektor\Data\Auto\SAkcePredpokladCollection.php pro class: Projektor_Data_Auto_SAkcePredpokladCollection
    kontrola existence a syntaxe nově vytvořeného souboru C:\xampp\htdocs\Projektor_3_vyvoj\Projektor\Data\Auto\SAkcePredpokladCollection.php pro class: Projektor_Data_Auto_SAkcePredpokladCollection
Vygenerován nový autocode.
*** Původní php kód:
<?php
class Projektor_Data_Auto_SAkcePredpokladCollection extends Projektor_Data_Collection
{
    const NAZEV_TRIDY_ITEM = "Projektor_Data_Auto_SAkcePredpokladItem";

###START_AUTOCODE

    /**
     * Metoda vrací Item, prvek kolekce Projektor_Data_Auto_SAkcePredpokladCollection typu Projektor_Data_Auto_SAkcePredpokladItem
     * @param Projektor_Data_Auto_SAkcePredpokladItem $object
     * @return \Projektor_Data_Auto_SAkcePredpokladItem
     */
    public function Item($id, Projektor_Data_Auto_SAkcePredpokladItem &$object=NULL){
        $object = new Projektor_Data_Auto_SAkcePredpokladItem($id); //factory na Item
        return $object;
    }

###END_AUTOCODE

    /**
        * Vrati pole neslpnenych predpokladu.
        * @param Ucastnik $ucastnik Ucastnik projektu.
        * @param Projektor_Data_Seznam_STypAkce $sTypAkce Typ akce na kterou se ucastnik chce prihlasit.
        * @return array Vraci pole instanci predpokladu nebo nic pokud jsou vsechny predpoklady splneny.
        */

    public static function nesplnene($ucastnik, $sTypAkce)
    {
        /* Nema-li typ akce predpoklady, pak jsou vsechny splneny.*/
        if(!($predpoklady = self::vypisPro($sTypAkce)))
        return array();

        /* Neni-li ucastnik prihlasen na zadnou akci, potom nemel sanci
            * predpoklady splnit a tudiz ma nesplnene vsechny.	*/
        if(!($akceUcastnika = Akce::vsechnyUcastnika($ucastnik)))
        return $predpoklady;

        $stavyAkciUcastnika = Projektor_Data_Auto_VzbUcastnikAkceCollection::dejStavy($ucastnik, $akceUcastnika);

        $nesplnene = array();
        foreach($predpoklady as $predpoklad)
        {
            $pocitadlo = 0;
            $splnen = false;
            foreach($akceUcastnika as $akce)
            {
                if(($predpoklad->idSTypAkcePredFK == $akce->idSTypAkceFK) && ($predpoklad->idSStavUcastnikAkcePredFK == $stavyAkciUcastnika[$pocitadlo]->id))
                $splnen = true;

                $pocitadlo++;
            }

            if(!$splnen)
            $nesplnene[] =  $predpoklad;
        }

        return $nesplnene;
    }
    /**
        * Vrati vsechny predpoklady pro prihlaseni k akci.
        * @param Projektor_Data_Seznam_STypAkce Typ akce pro vypsani
        * @return array Pole instanci predpokladu
        */

    public static function vypisPro($sTypAkce, $orderBy, $order)
    {
        return self::vypisVse(self::ID_S_TYP_AKCE_FK." = {$sTypAkce->id}", $orderBy, $order);
    }
}
?>
Vytvořena záloha php souboru: C:\xampp\htdocs\Projektor_3_vyvoj\Projektor\Data\Auto\SAkcePredpokladCollection.bak
*** Nový php kód: <?php
class Projektor_Data_Auto_SAkcePredpokladCollection extends Projektor_Data_Collection
{
    const NAZEV_TRIDY_ITEM = "Projektor_Data_Auto_SAkcePredpokladItem";

###START_AUTOCODE

    /**
     * Metoda vrací Item, prvek kolekce Projektor_Data_Auto_SAkcePredpokladCollection typu Projektor_Data_Auto_SAkcePredpokladItem
     * @param Projektor_Data_Auto_SAkcePredpokladItem $object
     * @return \Projektor_Data_Auto_SAkcePredpokladItem
     */
    public function Item($id, Projektor_Data_Auto_SAkcePredpokladItem &$object=NULL){
        $object = new Projektor_Data_Auto_SAkcePredpokladItem($id); //factory na Item
        return $object;
    }

###END_AUTOCODE

    /**
        * Vrati pole neslpnenych predpokladu.
        * @param Ucastnik $ucastnik Ucastnik projektu.
        * @param Projektor_Data_Seznam_STypAkce $sTypAkce Typ akce na kterou se ucastnik chce prihlasit.
        * @return array Vraci pole instanci predpokladu nebo nic pokud jsou vsechny predpoklady splneny.
        */

    public static function nesplnene($ucastnik, $sTypAkce)
    {
        /* Nema-li typ akce predpoklady, pak jsou vsechny splneny.*/
        if(!($predpoklady = self::vypisPro($sTypAkce)))
        return array();

        /* Neni-li ucastnik prihlasen na zadnou akci, potom nemel sanci
            * predpoklady splnit a tudiz ma nesplnene vsechny.	*/
        if(!($akceUcastnika = Akce::vsechnyUcastnika($ucastnik)))
        return $predpoklady;

        $stavyAkciUcastnika = Projektor_Data_Auto_VzbUcastnikAkceCollection::dejStavy($ucastnik, $akceUcastnika);

        $nesplnene = array();
        foreach($predpoklady as $predpoklad)
        {
            $pocitadlo = 0;
            $splnen = false;
            foreach($akceUcastnika as $akce)
            {
                if(($predpoklad->idSTypAkcePredFK == $akce->idSTypAkceFK) && ($predpoklad->idSStavUcastnikAkcePredFK == $stavyAkciUcastnika[$pocitadlo]->id))
                $splnen = true;

                $pocitadlo++;
            }

            if(!$splnen)
            $nesplnene[] =  $predpoklad;
        }

        return $nesplnene;
    }
    /**
        * Vrati vsechny predpoklady pro prihlaseni k akci.
        * @param Projektor_Data_Seznam_STypAkce Typ akce pro vypsani
        * @return array Pole instanci predpokladu
        */

    public static function vypisPro($sTypAkce, $orderBy, $order)
    {
        return self::vypisVse(self::ID_S_TYP_AKCE_FK." = {$sTypAkce->id}", $orderBy, $order);
    }
}
?>
Ukládám vygenerovaný autocode do souboru C:\xampp\htdocs\Projektor_3_vyvoj\Projektor\Data\Auto\SAkcePredpokladCollection.php pro class: Projektor_Data_Auto_SAkcePredpokladCollection
Smazána záloha php souboru: C:\xampp\htdocs\Projektor_3_vyvoj\Projektor\Data\Auto\SAkcePredpokladCollection.bak

