Autocode pro C:\xampp\htdocs\Projektor_3_vyvoj\Projektor\Data\Auto\SFirmaCollection.php
    kontrola existence a syntaxe souboru C:\xampp\htdocs\Projektor_3_vyvoj\Projektor\Data\Auto\SFirmaCollection.php pro class: Projektor_Data_Auto_SFirmaCollection
    kontrola existence a syntaxe nově vytvořeného souboru C:\xampp\htdocs\Projektor_3_vyvoj\Projektor\Data\Auto\SFirmaCollection.php pro class: Projektor_Data_Auto_SFirmaCollection
Vygenerován nový autocode.
*** Původní php kód:
<?php
class Projektor_Data_Auto_SFirmaCollection extends Projektor_Data_Collection
{
    const NAZEV_TRIDY_ITEM = "Projektor_Data_Auto_SFirmaItem";

###START_AUTOCODE

    /**
     * Metoda vrací Item, prvek kolekce Projektor_Data_Auto_SFirmaCollection typu Projektor_Data_Auto_SFirmaItem
     * @param Projektor_Data_Auto_SFirmaItem $object
     * @return \Projektor_Data_Auto_SFirmaItem
     */
    public function Item($id, Projektor_Data_Auto_SFirmaItem &$object=NULL){
        $object = new Projektor_Data_Auto_SFirmaItem($id); //factory na Item
        return $object;
    }

###END_AUTOCODE
}
?>
Vytvořena záloha php souboru: C:\xampp\htdocs\Projektor_3_vyvoj\Projektor\Data\Auto\SFirmaCollection.bak
*** Nový php kód: <?php
class Projektor_Data_Auto_SFirmaCollection extends Projektor_Data_Collection
{
    const NAZEV_TRIDY_ITEM = "Projektor_Data_Auto_SFirmaItem";

###START_AUTOCODE

    /**
     * Metoda vrací Item, prvek kolekce Projektor_Data_Auto_SFirmaCollection typu Projektor_Data_Auto_SFirmaItem
     * @param Projektor_Data_Auto_SFirmaItem $object
     * @return \Projektor_Data_Auto_SFirmaItem
     */
    public function Item($id, Projektor_Data_Auto_SFirmaItem &$object=NULL){
        $object = new Projektor_Data_Auto_SFirmaItem($id); //factory na Item
        return $object;
    }

###END_AUTOCODE
}
?>
Ukládám vygenerovaný autocode do souboru C:\xampp\htdocs\Projektor_3_vyvoj\Projektor\Data\Auto\SFirmaCollection.php pro class: Projektor_Data_Auto_SFirmaCollection
Smazána záloha php souboru: C:\xampp\htdocs\Projektor_3_vyvoj\Projektor\Data\Auto\SFirmaCollection.bak

