Autocode pro C:\xampp\htdocs\Projektor_3_vyvoj\Projektor\Data\Auto\SStavAkceCollection.php
    kontrola existence a syntaxe souboru C:\xampp\htdocs\Projektor_3_vyvoj\Projektor\Data\Auto\SStavAkceCollection.php pro class: Projektor_Data_Auto_SStavAkceCollection
    kontrola existence a syntaxe nově vytvořeného souboru C:\xampp\htdocs\Projektor_3_vyvoj\Projektor\Data\Auto\SStavAkceCollection.php pro class: Projektor_Data_Auto_SStavAkceCollection
Vygenerován nový autocode.
*** Původní php kód:
<?php
class Projektor_Data_Auto_SStavAkceCollection extends Projektor_Data_Collection
{
    const NAZEV_TRIDY_ITEM = "Projektor_Data_Auto_SStavAkceItem";

###START_AUTOCODE

    /**
     * Metoda vrací Item, prvek kolekce Projektor_Data_Auto_SStavAkceCollection typu Projektor_Data_Auto_SStavAkceItem
     * @param Projektor_Data_Auto_SStavAkceItem $object
     * @return \Projektor_Data_Auto_SStavAkceItem
     */
    public function Item($id, Projektor_Data_Auto_SStavAkceItem &$object=NULL){
        $object = new Projektor_Data_Auto_SStavAkceItem($id); //factory na Item
        return $object;
    }

###END_AUTOCODE
}
?>
Vytvořena záloha php souboru: C:\xampp\htdocs\Projektor_3_vyvoj\Projektor\Data\Auto\SStavAkceCollection.bak
*** Nový php kód: <?php
class Projektor_Data_Auto_SStavAkceCollection extends Projektor_Data_Collection
{
    const NAZEV_TRIDY_ITEM = "Projektor_Data_Auto_SStavAkceItem";

###START_AUTOCODE

    /**
     * Metoda vrací Item, prvek kolekce Projektor_Data_Auto_SStavAkceCollection typu Projektor_Data_Auto_SStavAkceItem
     * @param Projektor_Data_Auto_SStavAkceItem $object
     * @return \Projektor_Data_Auto_SStavAkceItem
     */
    public function Item($id, Projektor_Data_Auto_SStavAkceItem &$object=NULL){
        $object = new Projektor_Data_Auto_SStavAkceItem($id); //factory na Item
        return $object;
    }

###END_AUTOCODE
}
?>
Ukládám vygenerovaný autocode do souboru C:\xampp\htdocs\Projektor_3_vyvoj\Projektor\Data\Auto\SStavAkceCollection.php pro class: Projektor_Data_Auto_SStavAkceCollection
Smazána záloha php souboru: C:\xampp\htdocs\Projektor_3_vyvoj\Projektor\Data\Auto\SStavAkceCollection.bak

