Autocode pro C:\xampp\htdocs\Projektor_3_vyvoj\Projektor\Data\Auto\STypAkceCollection.php
    kontrola existence a syntaxe souboru C:\xampp\htdocs\Projektor_3_vyvoj\Projektor\Data\Auto\STypAkceCollection.php pro class: Projektor_Data_Auto_STypAkceCollection
    kontrola existence a syntaxe nově vytvořeného souboru C:\xampp\htdocs\Projektor_3_vyvoj\Projektor\Data\Auto\STypAkceCollection.php pro class: Projektor_Data_Auto_STypAkceCollection
Vygenerován nový autocode.
*** Původní php kód:
<?php
class Projektor_Data_Auto_STypAkceCollection extends Projektor_Data_Collection
{
    const NAZEV_TRIDY_ITEM = "Projektor_Data_Auto_STypAkceItem";

###START_AUTOCODE

    /**
     * Metoda vrací Item, prvek kolekce Projektor_Data_Auto_STypAkceCollection typu Projektor_Data_Auto_STypAkceItem
     * @param Projektor_Data_Auto_STypAkceItem $object
     * @return \Projektor_Data_Auto_STypAkceItem
     */
    public function Item($id, Projektor_Data_Auto_STypAkceItem &$object=NULL){
        $object = new Projektor_Data_Auto_STypAkceItem($id); //factory na Item
        return $object;
    }

###END_AUTOCODE
}
?>
Vytvořena záloha php souboru: C:\xampp\htdocs\Projektor_3_vyvoj\Projektor\Data\Auto\STypAkceCollection.bak
*** Nový php kód: <?php
class Projektor_Data_Auto_STypAkceCollection extends Projektor_Data_Collection
{
    const NAZEV_TRIDY_ITEM = "Projektor_Data_Auto_STypAkceItem";

###START_AUTOCODE

    /**
     * Metoda vrací Item, prvek kolekce Projektor_Data_Auto_STypAkceCollection typu Projektor_Data_Auto_STypAkceItem
     * @param Projektor_Data_Auto_STypAkceItem $object
     * @return \Projektor_Data_Auto_STypAkceItem
     */
    public function Item($id, Projektor_Data_Auto_STypAkceItem &$object=NULL){
        $object = new Projektor_Data_Auto_STypAkceItem($id); //factory na Item
        return $object;
    }

###END_AUTOCODE
}
?>
Ukládám vygenerovaný autocode do souboru C:\xampp\htdocs\Projektor_3_vyvoj\Projektor\Data\Auto\STypAkceCollection.php pro class: Projektor_Data_Auto_STypAkceCollection
Smazána záloha php souboru: C:\xampp\htdocs\Projektor_3_vyvoj\Projektor\Data\Auto\STypAkceCollection.bak

