Autocode pro C:\xampp\htdocs\Projektor_3_vyvoj\Projektor\Data\Auto\SysAccUsrProjektCollection.php
    kontrola existence a syntaxe souboru C:\xampp\htdocs\Projektor_3_vyvoj\Projektor\Data\Auto\SysAccUsrProjektCollection.php pro class: Projektor_Data_Auto_SysAccUsrProjektCollection
    kontrola existence a syntaxe nově vytvořeného souboru C:\xampp\htdocs\Projektor_3_vyvoj\Projektor\Data\Auto\SysAccUsrProjektCollection.php pro class: Projektor_Data_Auto_SysAccUsrProjektCollection
Vygenerován nový autocode.
*** Původní php kód:
<?php
class Projektor_Data_Auto_SysAccUsrProjektCollection extends Projektor_Data_Collection
{
    const NAZEV_TRIDY_ITEM = "Projektor_Data_Auto_SysAccUsrProjektItem";

###START_AUTOCODE

    /**
     * Metoda vrací Item, prvek kolekce Projektor_Data_Auto_SysAccUsrProjektCollection typu Projektor_Data_Auto_SysAccUsrProjektItem
     * @param Projektor_Data_Auto_SysAccUsrProjektItem $object
     * @return \Projektor_Data_Auto_SysAccUsrProjektItem
     */
    public function Item($id, Projektor_Data_Auto_SysAccUsrProjektItem &$object=NULL){
        $object = new Projektor_Data_Auto_SysAccUsrProjektItem($id); //factory na Item
        return $object;
    }

###END_AUTOCODE
}Vytvořena záloha php souboru: C:\xampp\htdocs\Projektor_3_vyvoj\Projektor\Data\Auto\SysAccUsrProjektCollection.bak
*** Nový php kód: <?php
class Projektor_Data_Auto_SysAccUsrProjektCollection extends Projektor_Data_Collection
{
    const NAZEV_TRIDY_ITEM = "Projektor_Data_Auto_SysAccUsrProjektItem";

###START_AUTOCODE

    /**
     * Metoda vrací Item, prvek kolekce Projektor_Data_Auto_SysAccUsrProjektCollection typu Projektor_Data_Auto_SysAccUsrProjektItem
     * @param Projektor_Data_Auto_SysAccUsrProjektItem $object
     * @return \Projektor_Data_Auto_SysAccUsrProjektItem
     */
    public function Item($id, Projektor_Data_Auto_SysAccUsrProjektItem &$object=NULL){
        $object = new Projektor_Data_Auto_SysAccUsrProjektItem($id); //factory na Item
        return $object;
    }

###END_AUTOCODE
}Ukládám vygenerovaný autocode do souboru C:\xampp\htdocs\Projektor_3_vyvoj\Projektor\Data\Auto\SysAccUsrProjektCollection.php pro class: Projektor_Data_Auto_SysAccUsrProjektCollection
Smazána záloha php souboru: C:\xampp\htdocs\Projektor_3_vyvoj\Projektor\Data\Auto\SysAccUsrProjektCollection.bak

