Autocode pro C:\xampp\htdocs\Projektor_3_vyvoj\Projektor\Data\Auto\SysAccUsrKancelarCollection.php
    kontrola existence a syntaxe souboru C:\xampp\htdocs\Projektor_3_vyvoj\Projektor\Data\Auto\SysAccUsrKancelarCollection.php pro class: Projektor_Data_Auto_SysAccUsrKancelarCollection
    kontrola existence a syntaxe nově vytvořeného souboru C:\xampp\htdocs\Projektor_3_vyvoj\Projektor\Data\Auto\SysAccUsrKancelarCollection.php pro class: Projektor_Data_Auto_SysAccUsrKancelarCollection
Vygenerován nový autocode.
*** Původní php kód:
<?php
/**
 * Description of SysAccUsrKancelarCollection
 *
 * @author pes2704
 */
class Projektor_Data_Auto_SysAccUsrKancelarCollection extends Projektor_Data_Collection
{
    const NAZEV_TRIDY_ITEM = "Projektor_Data_Auto_SysAccUsrKancelarItem";

###START_AUTOCODE

    /**
     * Metoda vrací Item, prvek kolekce Projektor_Data_Auto_SysAccUsrKancelarCollection typu Projektor_Data_Auto_SysAccUsrKancelarItem
     * @param Projektor_Data_Auto_SysAccUsrKancelarItem $object
     * @return \Projektor_Data_Auto_SysAccUsrKancelarItem
     */
    public function Item($id, Projektor_Data_Auto_SysAccUsrKancelarItem &$object=NULL){
        $object = new Projektor_Data_Auto_SysAccUsrKancelarItem($id); //factory na Item
        return $object;
    }

###END_AUTOCODE
}

?>
Vytvořena záloha php souboru: C:\xampp\htdocs\Projektor_3_vyvoj\Projektor\Data\Auto\SysAccUsrKancelarCollection.bak
*** Nový php kód: <?php
/**
 * Description of SysAccUsrKancelarCollection
 *
 * @author pes2704
 */
class Projektor_Data_Auto_SysAccUsrKancelarCollection extends Projektor_Data_Collection
{
    const NAZEV_TRIDY_ITEM = "Projektor_Data_Auto_SysAccUsrKancelarItem";

###START_AUTOCODE

    /**
     * Metoda vrací Item, prvek kolekce Projektor_Data_Auto_SysAccUsrKancelarCollection typu Projektor_Data_Auto_SysAccUsrKancelarItem
     * @param Projektor_Data_Auto_SysAccUsrKancelarItem $object
     * @return \Projektor_Data_Auto_SysAccUsrKancelarItem
     */
    public function Item($id, Projektor_Data_Auto_SysAccUsrKancelarItem &$object=NULL){
        $object = new Projektor_Data_Auto_SysAccUsrKancelarItem($id); //factory na Item
        return $object;
    }

###END_AUTOCODE
}

?>
Ukládám vygenerovaný autocode do souboru C:\xampp\htdocs\Projektor_3_vyvoj\Projektor\Data\Auto\SysAccUsrKancelarCollection.php pro class: Projektor_Data_Auto_SysAccUsrKancelarCollection
Smazána záloha php souboru: C:\xampp\htdocs\Projektor_3_vyvoj\Projektor\Data\Auto\SysAccUsrKancelarCollection.bak

