Autocode pro C:\xampp\htdocs\Projektor_3_vyvoj\Projektor\Data\Auto\ZaFlatTableCollection.php
    kontrola existence a syntaxe souboru C:\xampp\htdocs\Projektor_3_vyvoj\Projektor\Data\Auto\ZaFlatTableCollection.php pro class: Projektor_Data_Auto_ZaFlatTableCollection
    kontrola existence a syntaxe nově vytvořeného souboru C:\xampp\htdocs\Projektor_3_vyvoj\Projektor\Data\Auto\ZaFlatTableCollection.php pro class: Projektor_Data_Auto_ZaFlatTableCollection
Vygenerován nový autocode.
*** Původní php kód:
<?php
/**
 * Description of ZaFlatTableCollection
 *
 * @author pes2704
 */
class Projektor_Data_Auto_ZaFlatTableCollection extends Projektor_Data_Collection
{
    const NAZEV_TRIDY_ITEM = "Projektor_Data_Auto_ZaFlatTableItem";

###START_AUTOCODE

    /**
     * Metoda vrací Item, prvek kolekce Projektor_Data_Auto_ZaFlatTableCollection typu Projektor_Data_Auto_ZaFlatTableItem
     * @param Projektor_Data_Auto_ZaFlatTableItem $object
     * @return \Projektor_Data_Auto_ZaFlatTableItem
     */
    public function Item($id, Projektor_Data_Auto_ZaFlatTableItem &$object=NULL){
        $object = new Projektor_Data_Auto_ZaFlatTableItem($id); //factory na Item
        return $object;
    }

###END_AUTOCODE
}

?>
Vytvořena záloha php souboru: C:\xampp\htdocs\Projektor_3_vyvoj\Projektor\Data\Auto\ZaFlatTableCollection.bak
*** Nový php kód: <?php
/**
 * Description of ZaFlatTableCollection
 *
 * @author pes2704
 */
class Projektor_Data_Auto_ZaFlatTableCollection extends Projektor_Data_Collection
{
    const NAZEV_TRIDY_ITEM = "Projektor_Data_Auto_ZaFlatTableItem";

###START_AUTOCODE

    /**
     * Metoda vrací Item, prvek kolekce Projektor_Data_Auto_ZaFlatTableCollection typu Projektor_Data_Auto_ZaFlatTableItem
     * @param Projektor_Data_Auto_ZaFlatTableItem $object
     * @return \Projektor_Data_Auto_ZaFlatTableItem
     */
    public function Item($id, Projektor_Data_Auto_ZaFlatTableItem &$object=NULL){
        $object = new Projektor_Data_Auto_ZaFlatTableItem($id); //factory na Item
        return $object;
    }

###END_AUTOCODE
}

?>
Ukládám vygenerovaný autocode do souboru C:\xampp\htdocs\Projektor_3_vyvoj\Projektor\Data\Auto\ZaFlatTableCollection.php pro class: Projektor_Data_Auto_ZaFlatTableCollection
Smazána záloha php souboru: C:\xampp\htdocs\Projektor_3_vyvoj\Projektor\Data\Auto\ZaFlatTableCollection.bak

