Autocode pro C:\xampp\htdocs\Projektor_3_vyvoj\Projektor\Data\Auto\ZaPlanFlatTableCollection.php
    kontrola existence a syntaxe souboru C:\xampp\htdocs\Projektor_3_vyvoj\Projektor\Data\Auto\ZaPlanFlatTableCollection.php pro class: Projektor_Data_Auto_ZaPlanFlatTableCollection
    kontrola existence a syntaxe nově vytvořeného souboru C:\xampp\htdocs\Projektor_3_vyvoj\Projektor\Data\Auto\ZaPlanFlatTableCollection.php pro class: Projektor_Data_Auto_ZaPlanFlatTableCollection
Vygenerován nový autocode.
*** Původní php kód:
<?php
/**
 * Description of Projektor_Data_Auto_ZaPlanFlatTableCollection
 *
 * @author pes2704
 */
class Projektor_Data_Auto_ZaPlanFlatTableCollection extends Projektor_Data_Collection
{
    const NAZEV_TRIDY_ITEM = "Projektor_Data_Auto_ZaPlanFlatTableItem";

###START_AUTOCODE

    /**
     * Metoda vrací Item, prvek kolekce Projektor_Data_Auto_ZaPlanFlatTableCollection typu Projektor_Data_Auto_ZaPlanFlatTableItem
     * @param Projektor_Data_Auto_ZaPlanFlatTableItem $object
     * @return \Projektor_Data_Auto_ZaPlanFlatTableItem
     */
    public function Item($id, Projektor_Data_Auto_ZaPlanFlatTableItem &$object=NULL){
        $object = new Projektor_Data_Auto_ZaPlanFlatTableItem($id); //factory na Item
        return $object;
    }

###END_AUTOCODE
}

?>
Vytvořena záloha php souboru: C:\xampp\htdocs\Projektor_3_vyvoj\Projektor\Data\Auto\ZaPlanFlatTableCollection.bak
*** Nový php kód: <?php
/**
 * Description of Projektor_Data_Auto_ZaPlanFlatTableCollection
 *
 * @author pes2704
 */
class Projektor_Data_Auto_ZaPlanFlatTableCollection extends Projektor_Data_Collection
{
    const NAZEV_TRIDY_ITEM = "Projektor_Data_Auto_ZaPlanFlatTableItem";

###START_AUTOCODE

    /**
     * Metoda vrací Item, prvek kolekce Projektor_Data_Auto_ZaPlanFlatTableCollection typu Projektor_Data_Auto_ZaPlanFlatTableItem
     * @param Projektor_Data_Auto_ZaPlanFlatTableItem $object
     * @return \Projektor_Data_Auto_ZaPlanFlatTableItem
     */
    public function Item($id, Projektor_Data_Auto_ZaPlanFlatTableItem &$object=NULL){
        $object = new Projektor_Data_Auto_ZaPlanFlatTableItem($id); //factory na Item
        return $object;
    }

###END_AUTOCODE
}

?>
Ukládám vygenerovaný autocode do souboru C:\xampp\htdocs\Projektor_3_vyvoj\Projektor\Data\Auto\ZaPlanFlatTableCollection.php pro class: Projektor_Data_Auto_ZaPlanFlatTableCollection
Smazána záloha php souboru: C:\xampp\htdocs\Projektor_3_vyvoj\Projektor\Data\Auto\ZaPlanFlatTableCollection.bak

