Autocode pro C:\xampp\htdocs\Projektor_3_vyvoj\Projektor\Data\Auto\ZaUkoncFlatTableCollection.php
    kontrola existence a syntaxe souboru C:\xampp\htdocs\Projektor_3_vyvoj\Projektor\Data\Auto\ZaUkoncFlatTableCollection.php pro class: Projektor_Data_Auto_ZaUkoncFlatTableCollection
    kontrola existence a syntaxe nově vytvořeného souboru C:\xampp\htdocs\Projektor_3_vyvoj\Projektor\Data\Auto\ZaUkoncFlatTableCollection.php pro class: Projektor_Data_Auto_ZaUkoncFlatTableCollection
Vygenerován nový autocode.
*** Původní php kód:
<?php
/**
 * Description of ZaFlatTableCollection
 *
 * @author pes2704
 */
class Projektor_Data_Auto_ZaUkoncFlatTableCollection extends Projektor_Data_Collection
{
    const NAZEV_TRIDY_ITEM = "Projektor_Data_Auto_ZaUkoncFlatTableItem";

###START_AUTOCODE

    /**
     * Metoda vrací Item, prvek kolekce Projektor_Data_Auto_ZaUkoncFlatTableCollection typu Projektor_Data_Auto_ZaUkoncFlatTableItem
     * @param Projektor_Data_Auto_ZaUkoncFlatTableItem $object
     * @return \Projektor_Data_Auto_ZaUkoncFlatTableItem
     */
    public function Item($id, Projektor_Data_Auto_ZaUkoncFlatTableItem &$object=NULL){
        $object = new Projektor_Data_Auto_ZaUkoncFlatTableItem($id); //factory na Item
        return $object;
    }

###END_AUTOCODE
}

?>
Vytvořena záloha php souboru: C:\xampp\htdocs\Projektor_3_vyvoj\Projektor\Data\Auto\ZaUkoncFlatTableCollection.bak
*** Nový php kód: <?php
/**
 * Description of ZaFlatTableCollection
 *
 * @author pes2704
 */
class Projektor_Data_Auto_ZaUkoncFlatTableCollection extends Projektor_Data_Collection
{
    const NAZEV_TRIDY_ITEM = "Projektor_Data_Auto_ZaUkoncFlatTableItem";

###START_AUTOCODE

    /**
     * Metoda vrací Item, prvek kolekce Projektor_Data_Auto_ZaUkoncFlatTableCollection typu Projektor_Data_Auto_ZaUkoncFlatTableItem
     * @param Projektor_Data_Auto_ZaUkoncFlatTableItem $object
     * @return \Projektor_Data_Auto_ZaUkoncFlatTableItem
     */
    public function Item($id, Projektor_Data_Auto_ZaUkoncFlatTableItem &$object=NULL){
        $object = new Projektor_Data_Auto_ZaUkoncFlatTableItem($id); //factory na Item
        return $object;
    }

###END_AUTOCODE
}

?>
Ukládám vygenerovaný autocode do souboru C:\xampp\htdocs\Projektor_3_vyvoj\Projektor\Data\Auto\ZaUkoncFlatTableCollection.php pro class: Projektor_Data_Auto_ZaUkoncFlatTableCollection
Smazána záloha php souboru: C:\xampp\htdocs\Projektor_3_vyvoj\Projektor\Data\Auto\ZaUkoncFlatTableCollection.bak

