Autocode pro C:\xampp\htdocs\Projektor_3_vyvoj\Projektor\Data\Auto\ZaZamFlatTableCollection.php
    kontrola existence a syntaxe souboru C:\xampp\htdocs\Projektor_3_vyvoj\Projektor\Data\Auto\ZaZamFlatTableCollection.php pro class: Projektor_Data_Auto_ZaZamFlatTableCollection
    kontrola existence a syntaxe nově vytvořeného souboru C:\xampp\htdocs\Projektor_3_vyvoj\Projektor\Data\Auto\ZaZamFlatTableCollection.php pro class: Projektor_Data_Auto_ZaZamFlatTableCollection
Vygenerován nový autocode.
*** Původní php kód:
<?php
/**
 * Description of ZaFlatTableCollection
 *
 * @author pes2704
 */
class Projektor_Data_Auto_ZaZamFlatTableCollection extends Projektor_Data_Collection
{
    const NAZEV_TRIDY_ITEM = "Projektor_Data_Auto_ZaZamFlatTableItem";

###START_AUTOCODE

    /**
     * Metoda vrací Item, prvek kolekce Projektor_Data_Auto_ZaZamFlatTableCollection typu Projektor_Data_Auto_ZaZamFlatTableItem
     * @param Projektor_Data_Auto_ZaZamFlatTableItem $object
     * @return \Projektor_Data_Auto_ZaZamFlatTableItem
     */
    public function Item($id, Projektor_Data_Auto_ZaZamFlatTableItem &$object=NULL){
        $object = new Projektor_Data_Auto_ZaZamFlatTableItem($id); //factory na Item
        return $object;
    }

###END_AUTOCODE
}

?>
Vytvořena záloha php souboru: C:\xampp\htdocs\Projektor_3_vyvoj\Projektor\Data\Auto\ZaZamFlatTableCollection.bak
*** Nový php kód: <?php
/**
 * Description of ZaFlatTableCollection
 *
 * @author pes2704
 */
class Projektor_Data_Auto_ZaZamFlatTableCollection extends Projektor_Data_Collection
{
    const NAZEV_TRIDY_ITEM = "Projektor_Data_Auto_ZaZamFlatTableItem";

###START_AUTOCODE

    /**
     * Metoda vrací Item, prvek kolekce Projektor_Data_Auto_ZaZamFlatTableCollection typu Projektor_Data_Auto_ZaZamFlatTableItem
     * @param Projektor_Data_Auto_ZaZamFlatTableItem $object
     * @return \Projektor_Data_Auto_ZaZamFlatTableItem
     */
    public function Item($id, Projektor_Data_Auto_ZaZamFlatTableItem &$object=NULL){
        $object = new Projektor_Data_Auto_ZaZamFlatTableItem($id); //factory na Item
        return $object;
    }

###END_AUTOCODE
}

?>
Ukládám vygenerovaný autocode do souboru C:\xampp\htdocs\Projektor_3_vyvoj\Projektor\Data\Auto\ZaZamFlatTableCollection.php pro class: Projektor_Data_Auto_ZaZamFlatTableCollection
Smazána záloha php souboru: C:\xampp\htdocs\Projektor_3_vyvoj\Projektor\Data\Auto\ZaZamFlatTableCollection.bak

